<?xml version="1.0" encoding="UTF-8"?>
<!-- Generated by org.testng.reporters.JUnitReportReporter -->
<testsuite hostname="HYD-D-20TGMR3" failures="0" tests="1" name="runTestcases.testMainPage" time="4.191" errors="0" timestamp="2024-06-13T09:23:52 IST" skipped="0">
  <testcase classname="runTestcases.testMainPage" name="homepage" time="4.191"/>
</testsuite> <!-- runTestcases.testMainPage -->
